{"C:\\xampp\\htdocs\\Projects\\bibtext-JSON\\lib.js": {"path":"C:\\xampp\\htdocs\\Projects\\bibtext-JSON\\lib.js","statementMap":{"0":{"start":{"line":1,"column":20},"end":{"line":1,"column":43}},"1":{"start":{"line":2,"column":15},"end":{"line":2,"column":34}},"2":{"start":{"line":3,"column":17},"end":{"line":3,"column":36}},"3":{"start":{"line":4,"column":17},"end":{"line":4,"column":41}},"4":{"start":{"line":5,"column":14},"end":{"line":5,"column":33}},"5":{"start":{"line":48,"column":22},"end":{"line":48,"column":23}},"6":{"start":{"line":49,"column":22},"end":{"line":49,"column":23}},"7":{"start":{"line":51,"column":18},"end":{"line":51,"column":67}},"8":{"start":{"line":54,"column":21},"end":{"line":54,"column":59}},"9":{"start":{"line":56,"column":4},"end":{"line":72,"column":5}},"10":{"start":{"line":58,"column":20},"end":{"line":58,"column":33}},"11":{"start":{"line":59,"column":8},"end":{"line":71,"column":9}},"12":{"start":{"line":61,"column":12},"end":{"line":61,"column":26}},"13":{"start":{"line":62,"column":27},"end":{"line":62,"column":39}},"14":{"start":{"line":63,"column":12},"end":{"line":63,"column":40}},"15":{"start":{"line":64,"column":12},"end":{"line":69,"column":13}},"16":{"start":{"line":67,"column":16},"end":{"line":67,"column":30}},"17":{"start":{"line":68,"column":16},"end":{"line":68,"column":22}},"18":{"start":{"line":74,"column":4},"end":{"line":74,"column":24}},"19":{"start":{"line":80,"column":2},"end":{"line":80,"column":59}}},"fnMap":{"0":{"name":"returnMatches","decl":{"start":{"line":46,"column":17},"end":{"line":46,"column":30}},"loc":{"start":{"line":47,"column":2},"end":{"line":75,"column":1}},"line":47}},"branchMap":{"0":{"loc":{"start":{"line":64,"column":12},"end":{"line":69,"column":13}},"type":"if","locations":[{"start":{"line":64,"column":12},"end":{"line":69,"column":13}},{"start":{},"end":{}}],"line":64}},"s":{"0":1,"1":1,"2":1,"3":1,"4":1,"5":8,"6":8,"7":8,"8":8,"9":8,"10":48,"11":48,"12":540,"13":540,"14":540,"15":540,"16":15,"17":15,"18":8,"19":1},"f":{"0":8},"b":{"0":[15,525]},"_coverageSchema":"1a1c01bbd47fc00a2c39e90264f33305004495a9","hash":"e94f49261975b6093be1c2cbaa0b96c810e2038d"}
,"C:\\xampp\\htdocs\\Projects\\bibtext-JSON\\tests\\cloneArray.js": {"path":"C:\\xampp\\htdocs\\Projects\\bibtext-JSON\\tests\\cloneArray.js","statementMap":{"0":{"start":{"line":2,"column":4},"end":{"line":2,"column":22}},"1":{"start":{"line":5,"column":0},"end":{"line":5,"column":28}}},"fnMap":{"0":{"name":"cloneArray","decl":{"start":{"line":1,"column":9},"end":{"line":1,"column":19}},"loc":{"start":{"line":1,"column":26},"end":{"line":3,"column":1}},"line":1}},"branchMap":{},"s":{"0":2,"1":1},"f":{"0":2},"b":{},"_coverageSchema":"1a1c01bbd47fc00a2c39e90264f33305004495a9","hash":"635e0327e220417396f3e840c5b40545a4c4e900"}
}
